[
  {
    "timestamp": 1764405471.149222,
    "step": "START",
    "details": {
      "url": "http://localhost:8002/test_page"
    }
  },
  {
    "timestamp": 1764405477.534754,
    "step": "OBSERVATION",
    "details": {
      "files": [
        "secret.csv"
      ]
    }
  },
  {
    "timestamp": 1764405496.110024,
    "step": "PLANNING",
    "details": {
      "question": "We have auto-downloaded a file named secret.csv. Read the file and calculate the sum of the 'value' column.",
      "submit_url": "http://localhost:8002/submit",
      "format_hint": "JSON: { \"answer\": 123 }"
    }
  },
  {
    "timestamp": 1764405517.673544,
    "step": "EXEC_1_openai/gpt-5-nano",
    "details": {
      "success": false,
      "result": null,
      "image": null,
      "stdout": "",
      "error": "Traceback (most recent call last):\n  File \"/Users/saurav/untitled folder/llm_quiz_god_mode/app/executor.py\", line 47, in execute_generated_code\n    exec(code, {\"__name__\": \"__main__\"}, local_scope)\n  File \"<string>\", line 35, in <module>\n  File \"<string>\", line 7, in main\nNameError: name 'Path' is not defined\n"
    }
  },
  {
    "timestamp": 1764405550.054092,
    "step": "EXEC_2_openai/gpt-5-nano",
    "details": {
      "success": false,
      "result": null,
      "image": null,
      "stdout": "",
      "error": "Traceback (most recent call last):\n  File \"/Users/saurav/untitled folder/llm_quiz_god_mode/app/executor.py\", line 47, in execute_generated_code\n    exec(code, {\"__name__\": \"__main__\"}, local_scope)\n  File \"<string>\", line 41\nSyntaxError: name 'solution' is assigned to before global declaration\n"
    }
  },
  {
    "timestamp": 1764405578.026674,
    "step": "EXEC_3_openai/gpt-5-nano",
    "details": {
      "success": false,
      "result": null,
      "image": null,
      "stdout": "",
      "error": "Traceback (most recent call last):\n  File \"/Users/saurav/untitled folder/llm_quiz_god_mode/app/executor.py\", line 47, in execute_generated_code\n    plt.clf()\n  File \"<string>\", line 40, in <module>\n  File \"<string>\", line 27, in main\nNameError: name 'Path' is not defined\n"
    }
  }
]